Base path: /Applications/Unity/Unity.app/Contents
Cmd: initializeCompiler
Cmd: translateComputeKernel
  api=14 insize=1341 outsize=1501 ok=1
Cmd: translateComputeKernel
  api=14 insize=48541 outsize=85249 ok=1
Cmd: compileComputeKernel
  api=14 insize=5188 outsize=5117 ok=1
Cmd: translateComputeKernel
  api=14 insize=10769 outsize=17649 ok=1
Cmd: compileComputeKernel
  api=14 insize=9421 outsize=9477 ok=1
Cmd: translateComputeKernel
  api=14 insize=9573 outsize=16353 ok=1
Cmd: compileComputeKernel
  api=14 insize=2953 outsize=785 ok=1
Cmd: compileComputeKernel
  api=14 insize=1864 outsize=1129 ok=1
Cmd: translateComputeKernel
  api=14 insize=1129 outsize=1409 ok=1
Cmd: compileComputeKernel
  api=14 insize=1505 outsize=1177 ok=1
Cmd: initializeCompiler
Cmd: initializeCompiler
Unhandled exception: Protocol error - unexpected end of data (did the Editor crash?)

Quitting shader compiler process
