Base path: /Applications/Unity/Unity.app/Contents
Cmd: initializeCompiler
Cmd: translateComputeKernel
  api=14 insize=833 outsize=777 ok=1
Cmd: translateComputeKernel
  api=14 insize=48169 outsize=84725 ok=1
Cmd: compileComputeKernel
  api=14 insize=7524 outsize=10669 ok=1
Cmd: translateComputeKernel
  api=14 insize=10669 outsize=18673 ok=1
Cmd: compileComputeKernel
  api=14 insize=5188 outsize=10513 ok=1
Cmd: translateComputeKernel
  api=14 insize=5373 outsize=7541 ok=1
Cmd: compileComputeKernel
  api=14 insize=2444 outsize=3173 ok=1
Cmd: translateComputeKernel
  api=14 insize=3173 outsize=5169 ok=1
Cmd: compileComputeKernel
  api=14 insize=9421 outsize=9657 ok=1
Cmd: compileComputeKernel
  api=14 insize=9421 outsize=9881 ok=1
Cmd: translateComputeKernel
  api=14 insize=9657 outsize=16521 ok=1
Cmd: compileComputeKernel
  api=14 insize=1957 outsize=1121 ok=1
Cmd: translateComputeKernel
  api=14 insize=1997 outsize=3609 ok=1
Cmd: translateComputeKernel
  api=14 insize=1177 outsize=1289 ok=1
Cmd: translateComputeKernel
  api=14 insize=1445 outsize=2217 ok=1
Cmd: initializeCompiler
Cmd: initializeCompiler
Unhandled exception: Protocol error - unexpected end of data (did the Editor crash?)

Quitting shader compiler process
